* installing *source* package 'knnpackage' ...
** using staged installation
** libs

*** arch - i386
/mingw32/bin/g++ -std=gnu++11  -I"C:/PROGRA~1/R/R-40~1.3/include" -DNDEBUG  -I'C:/Users/arpri/OneDrive/Documents/R/win-library/4.0/Rcpp/include'        -O2 -Wall  -mfpmath=sse -msse2 -mstackrealign -c RcppExports.cpp -o RcppExports.o
/mingw32/bin/g++ -std=gnu++11  -I"C:/PROGRA~1/R/R-40~1.3/include" -DNDEBUG  -I'C:/Users/arpri/OneDrive/Documents/R/win-library/4.0/Rcpp/include'        -O2 -Wall  -mfpmath=sse -msse2 -mstackrealign -c my_3knn.cpp -o my_3knn.o
my_3knn.cpp: In function 'double my_3knn(Rcpp::NumericMatrix, Rcpp::NumericVector, Rcpp::NumericVector)':
my_3knn.cpp:66:24: warning: suggest parentheses around comparison in operand of '&' [-Wparentheses]
   if(closest_outputs[0]!=closest_outputs[1] & closest_outputs[0]!=closest_outputs[2] && closest_outputs[2]!=closest_outputs[1]){
my_3knn.cpp:74:30: warning: suggest parentheses around comparison in operand of '&' [-Wparentheses]
         if(closest_outputs[o]==closest_outputs[w] & o!=w){
my_3knn.cpp:25:17: warning: control reaches end of non-void function [-Wreturn-type]
   NumericVector closest_neighbors;
                 ^~~~~~~~~~~~~~~~~
/mingw32/bin/g++ -std=gnu++11  -I"C:/PROGRA~1/R/R-40~1.3/include" -DNDEBUG  -I'C:/Users/arpri/OneDrive/Documents/R/win-library/4.0/Rcpp/include'        -O2 -Wall  -mfpmath=sse -msse2 -mstackrealign -c my_3knn_invd.cpp -o my_3knn_invd.o
my_3knn_invd.cpp: In function 'double my_3knn_invd(Rcpp::NumericMatrix, Rcpp::NumericVector, Rcpp::NumericVector)':
my_3knn_invd.cpp:65:24: warning: suggest parentheses around comparison in operand of '&' [-Wparentheses]
   if(closest_outputs[0]!=closest_outputs[1] & closest_outputs[0]!=closest_outputs[2] && closest_outputs[2]!=closest_outputs[1]){
my_3knn_invd.cpp:73:30: warning: suggest parentheses around comparison in operand of '&' [-Wparentheses]
         if(closest_outputs[o]==closest_outputs[w] & o!=w){
my_3knn_invd.cpp:25:17: warning: control reaches end of non-void function [-Wreturn-type]
   NumericVector closest_neighbors;
                 ^~~~~~~~~~~~~~~~~
/mingw32/bin/g++ -std=gnu++11  -I"C:/PROGRA~1/R/R-40~1.3/include" -DNDEBUG  -I'C:/Users/arpri/OneDrive/Documents/R/win-library/4.0/Rcpp/include'        -O2 -Wall  -mfpmath=sse -msse2 -mstackrealign -c my_knn_sourceCpp.cpp -o my_knn_sourceCpp.o
my_knn_sourceCpp.cpp: In function 'double my_knn_sourceCpp(Rcpp::NumericMatrix, Rcpp::NumericVector, Rcpp::NumericVector)':
my_knn_sourceCpp.cpp:19:7: warning: variable 'closest_neighbor' set but not used [-Wunused-but-set-variable]
   int closest_neighbor = -1;
       ^~~~~~~~~~~~~~~~
/mingw32/bin/g++ -std=gnu++11  -I"C:/PROGRA~1/R/R-40~1.3/include" -DNDEBUG  -I'C:/Users/arpri/OneDrive/Documents/R/win-library/4.0/Rcpp/include'        -O2 -Wall  -mfpmath=sse -msse2 -mstackrealign -c rcpp_hello_world.cpp -o rcpp_hello_world.o
/mingw32/bin/g++ -std=gnu++11 -shared -s -static-libgcc -o knnpackage.dll tmp.def RcppExports.o my_3knn.o my_3knn_invd.o my_knn_sourceCpp.o rcpp_hello_world.o -LC:/PROGRA~1/R/R-40~1.3/bin/i386 -lR
Error in system(sprintf("%s -Pg %s", nm, shQuote(f)), intern = TRUE) : 
  '""' not found
Calls: <Anonymous> -> lapply -> FUN -> strsplit -> system
Ejecución interrumpida
make: *** [C:/PROGRA~1/R/R-40~1.3/share/make/winshlib.mk:32: symbols.rds] Error 1
installing to C:/Users/arpri/OneDrive/ESCRIT~1/libros/master/SEGUND~1/PROGRA~1/PROYEC~1/KNNPAC~1.RCH/00LOCK-KNNPAC~1/00new/knnpackage/libs/i386

*** arch - x64
/mingw64/bin/g++ -std=gnu++11  -I"C:/PROGRA~1/R/R-40~1.3/include" -DNDEBUG  -I'C:/Users/arpri/OneDrive/Documents/R/win-library/4.0/Rcpp/include'        -O2 -Wall  -mfpmath=sse -msse2 -mstackrealign -c RcppExports.cpp -o RcppExports.o
/mingw64/bin/g++ -std=gnu++11  -I"C:/PROGRA~1/R/R-40~1.3/include" -DNDEBUG  -I'C:/Users/arpri/OneDrive/Documents/R/win-library/4.0/Rcpp/include'        -O2 -Wall  -mfpmath=sse -msse2 -mstackrealign -c my_3knn.cpp -o my_3knn.o
my_3knn.cpp: In function 'double my_3knn(Rcpp::NumericMatrix, Rcpp::NumericVector, Rcpp::NumericVector)':
my_3knn.cpp:66:24: warning: suggest parentheses around comparison in operand of '&' [-Wparentheses]
   if(closest_outputs[0]!=closest_outputs[1] & closest_outputs[0]!=closest_outputs[2] && closest_outputs[2]!=closest_outputs[1]){
my_3knn.cpp:74:30: warning: suggest parentheses around comparison in operand of '&' [-Wparentheses]
         if(closest_outputs[o]==closest_outputs[w] & o!=w){
my_3knn.cpp:25:17: warning: control reaches end of non-void function [-Wreturn-type]
   NumericVector closest_neighbors;
                 ^~~~~~~~~~~~~~~~~
/mingw64/bin/g++ -std=gnu++11  -I"C:/PROGRA~1/R/R-40~1.3/include" -DNDEBUG  -I'C:/Users/arpri/OneDrive/Documents/R/win-library/4.0/Rcpp/include'        -O2 -Wall  -mfpmath=sse -msse2 -mstackrealign -c my_3knn_invd.cpp -o my_3knn_invd.o
my_3knn_invd.cpp: In function 'double my_3knn_invd(Rcpp::NumericMatrix, Rcpp::NumericVector, Rcpp::NumericVector)':
my_3knn_invd.cpp:65:24: warning: suggest parentheses around comparison in operand of '&' [-Wparentheses]
   if(closest_outputs[0]!=closest_outputs[1] & closest_outputs[0]!=closest_outputs[2] && closest_outputs[2]!=closest_outputs[1]){
my_3knn_invd.cpp:73:30: warning: suggest parentheses around comparison in operand of '&' [-Wparentheses]
         if(closest_outputs[o]==closest_outputs[w] & o!=w){
my_3knn_invd.cpp:25:17: warning: control reaches end of non-void function [-Wreturn-type]
   NumericVector closest_neighbors;
                 ^~~~~~~~~~~~~~~~~
/mingw64/bin/g++ -std=gnu++11  -I"C:/PROGRA~1/R/R-40~1.3/include" -DNDEBUG  -I'C:/Users/arpri/OneDrive/Documents/R/win-library/4.0/Rcpp/include'        -O2 -Wall  -mfpmath=sse -msse2 -mstackrealign -c my_knn_sourceCpp.cpp -o my_knn_sourceCpp.o
my_knn_sourceCpp.cpp: In function 'double my_knn_sourceCpp(Rcpp::NumericMatrix, Rcpp::NumericVector, Rcpp::NumericVector)':
my_knn_sourceCpp.cpp:19:7: warning: variable 'closest_neighbor' set but not used [-Wunused-but-set-variable]
   int closest_neighbor = -1;
       ^~~~~~~~~~~~~~~~
/mingw64/bin/g++ -std=gnu++11  -I"C:/PROGRA~1/R/R-40~1.3/include" -DNDEBUG  -I'C:/Users/arpri/OneDrive/Documents/R/win-library/4.0/Rcpp/include'        -O2 -Wall  -mfpmath=sse -msse2 -mstackrealign -c rcpp_hello_world.cpp -o rcpp_hello_world.o
/mingw64/bin/g++ -std=gnu++11 -shared -s -static-libgcc -o knnpackage.dll tmp.def RcppExports.o my_3knn.o my_3knn_invd.o my_knn_sourceCpp.o rcpp_hello_world.o -LC:/PROGRA~1/R/R-40~1.3/bin/x64 -lR
Error in system(sprintf("%s -Pg %s", nm, shQuote(f)), intern = TRUE) : 
  '""' not found
Calls: <Anonymous> -> lapply -> FUN -> strsplit -> system
Ejecución interrumpida
make: *** [C:/PROGRA~1/R/R-40~1.3/share/make/winshlib.mk:32: symbols.rds] Error 1
installing to C:/Users/arpri/OneDrive/ESCRIT~1/libros/master/SEGUND~1/PROGRA~1/PROYEC~1/KNNPAC~1.RCH/00LOCK-KNNPAC~1/00new/knnpackage/libs/x64
** R
** byte-compile and prepare package for lazy loading
** help
*** installing help indices
** building package indices
** testing if installed package can be loaded from temporary location
*** arch - i386
*** arch - x64
** testing if installed package can be loaded from final location
*** arch - i386
*** arch - x64
** testing if installed package keeps a record of temporary installation path
* DONE (knnpackage)
